app/build/intermediates/manifest_merge_blame_file/debug/processDebugMainManifest/manifest-merger-blame-debug-report.txt
1<?xml version="1.0" encoding="utf-8"?>
2<manifest xmlns:android="http://schemas.android.com/apk/res/android"
3    package="com.example.wastewizard"
4    android:versionCode="1"
5    android:versionName="1.0" >
6
7    <uses-sdk
8        android:minSdkVersion="28"
9        android:targetSdkVersion="35" />
10
11    <!-- Camera permission -->
12    <uses-permission android:name="android.permission.CAMERA" />
12-->src\main\AndroidManifest.xml:4:5-65
12-->src\main\AndroidManifest.xml:4:22-62
13
14    <!-- Camera feature (not required so app is installable on devices without a camera) -->
15    <uses-feature
15-->src\main\AndroidManifest.xml:7:5-89
16        android:name="android.hardware.camera.any"
16-->src\main\AndroidManifest.xml:7:19-61
17        android:required="false" />
17-->src\main\AndroidManifest.xml:7:62-86
18
19    <permission
19-->[androidx.core:core:1.13.0] AndroidManifest.xml:22:5-24:47
20        android:name="com.example.wastewizard.DYNAMIC_RECEIVER_NOT_EXPORTED_PERMISSION"
20-->[androidx.core:core:1.13.0] AndroidManifest.xml:23:9-81
21        android:protectionLevel="signature" />
21-->[androidx.core:core:1.13.0] AndroidManifest.xml:24:9-44
22
23    <uses-permission android:name="com.example.wastewizard.DYNAMIC_RECEIVER_NOT_EXPORTED_PERMISSION" /> <!-- Storage permissions - Optional: not needed if you stick to Photo Picker / GetContent -->
23-->[androidx.core:core:1.13.0] AndroidManifest.xml:26:5-97
23-->[androidx.core:core:1.13.0] AndroidManifest.xml:26:22-94
24    <!--
25 <uses-permission android:name="android.permission.READ_MEDIA_IMAGES" />
26    <uses-permission android:name="android.permission.READ_EXTERNAL_STORAGE" android:maxSdkVersion="32" />
27    -->
28    <application
28-->src\main\AndroidManifest.xml:13:5-71:19
29        android:name="com.example.wastewizard.WasteWizardApp"
29-->src\main\AndroidManifest.xml:14:9-39
30        android:allowBackup="true"
30-->src\main\AndroidManifest.xml:15:9-35
31        android:appComponentFactory="androidx.core.app.CoreComponentFactory"
31-->[androidx.core:core:1.13.0] AndroidManifest.xml:28:18-86
32        android:debuggable="true"
33        android:extractNativeLibs="false"
34        android:icon="@mipmap/ic_launcher"
34-->src\main\AndroidManifest.xml:16:9-43
35        android:label="@string/app_name"
35-->src\main\AndroidManifest.xml:17:9-41
36        android:supportsRtl="true"
36-->src\main\AndroidManifest.xml:18:9-35
37        android:theme="@style/Theme.WasteWizard" >
37-->src\main\AndroidManifest.xml:19:9-49
38
39        <!-- Main launcher activity -->
40        <activity
40-->src\main\AndroidManifest.xml:22:9-31:20
41            android:name="com.example.wastewizard.MainAppActivity"
41-->src\main\AndroidManifest.xml:23:13-44
42            android:exported="true"
42-->src\main\AndroidManifest.xml:24:13-36
43            android:launchMode="singleTop"
43-->src\main\AndroidManifest.xml:25:13-43
44            android:theme="@style/Theme.WasteWizard" >
44-->src\main\AndroidManifest.xml:26:13-53
45            <intent-filter>
45-->src\main\AndroidManifest.xml:27:13-30:29
46                <action android:name="android.intent.action.MAIN" />
46-->src\main\AndroidManifest.xml:28:17-69
46-->src\main\AndroidManifest.xml:28:25-66
47
48                <category android:name="android.intent.category.LAUNCHER" />
48-->src\main\AndroidManifest.xml:29:17-77
48-->src\main\AndroidManifest.xml:29:27-74
49            </intent-filter>
50        </activity>
51
52        <!-- Other activities -->
53        <activity
53-->src\main\AndroidManifest.xml:34:9-38:56
54            android:name="com.example.wastewizard.MainActivity"
54-->src\main\AndroidManifest.xml:35:13-41
55            android:exported="false"
55-->src\main\AndroidManifest.xml:36:13-37
56            android:launchMode="singleTop"
56-->src\main\AndroidManifest.xml:37:13-43
57            android:theme="@style/Theme.WasteWizard" />
57-->src\main\AndroidManifest.xml:38:13-53
58        <activity
58-->src\main\AndroidManifest.xml:40:9-44:56
59            android:name="com.example.wastewizard.SimpleMainActivity"
59-->src\main\AndroidManifest.xml:41:13-47
60            android:exported="false"
60-->src\main\AndroidManifest.xml:42:13-37
61            android:launchMode="singleTop"
61-->src\main\AndroidManifest.xml:43:13-43
62            android:theme="@style/Theme.WasteWizard" />
62-->src\main\AndroidManifest.xml:44:13-53
63        <activity
63-->src\main\AndroidManifest.xml:46:9-50:56
64            android:name="com.example.wastewizard.TestMainActivity"
64-->src\main\AndroidManifest.xml:47:13-45
65            android:exported="false"
65-->src\main\AndroidManifest.xml:48:13-37
66            android:launchMode="singleTop"
66-->src\main\AndroidManifest.xml:49:13-43
67            android:theme="@style/Theme.WasteWizard" />
67-->src\main\AndroidManifest.xml:50:13-53
68        <activity
68-->src\main\AndroidManifest.xml:52:9-56:56
69            android:name="com.example.wastewizard.EnhancedMainActivity"
69-->src\main\AndroidManifest.xml:53:13-49
70            android:exported="false"
70-->src\main\AndroidManifest.xml:54:13-37
71            android:launchMode="singleTop"
71-->src\main\AndroidManifest.xml:55:13-43
72            android:theme="@style/Theme.WasteWizard" />
72-->src\main\AndroidManifest.xml:56:13-53
73
74        <!-- FileProvider: safe to remove if no legacy camera intent use anywhere -->
75        <!--
76        <provider
77            android:name="androidx.core.content.FileProvider"
78            android:authorities="${applicationId}.fileprovider"
79            android:exported="false"
80            android:grantUriPermissions="true">
81            <meta-data
82                android:name="android.support.FILE_PROVIDER_PATHS"
83                android:resource="@xml/file_paths" />
84        </provider>
85        -->
86
87
88        <!--
89        Service for holding metadata. Cannot be instantiated.
90        Metadata will be merged from other manifests.
91        -->
92        <service
92-->[androidx.camera:camera-core:1.3.4] AndroidManifest.xml:29:9-33:78
93            android:name="androidx.camera.core.impl.MetadataHolderService"
93-->[androidx.camera:camera-core:1.3.4] AndroidManifest.xml:30:13-75
94            android:enabled="false"
94-->[androidx.camera:camera-core:1.3.4] AndroidManifest.xml:31:13-36
95            android:exported="false" >
95-->[androidx.camera:camera-core:1.3.4] AndroidManifest.xml:32:13-37
96            <meta-data
96-->[androidx.camera:camera-camera2:1.3.4] AndroidManifest.xml:30:13-32:89
97                android:name="androidx.camera.core.impl.MetadataHolderService.DEFAULT_CONFIG_PROVIDER"
97-->[androidx.camera:camera-camera2:1.3.4] AndroidManifest.xml:31:17-103
98                android:value="androidx.camera.camera2.Camera2Config$DefaultProvider" />
98-->[androidx.camera:camera-camera2:1.3.4] AndroidManifest.xml:32:17-86
99        </service>
100
101        <provider
101-->[androidx.emoji2:emoji2:1.3.0] AndroidManifest.xml:24:9-32:20
102            android:name="androidx.startup.InitializationProvider"
102-->[androidx.emoji2:emoji2:1.3.0] AndroidManifest.xml:25:13-67
103            android:authorities="com.example.wastewizard.androidx-startup"
103-->[androidx.emoji2:emoji2:1.3.0] AndroidManifest.xml:26:13-68
104            android:exported="false" >
104-->[androidx.emoji2:emoji2:1.3.0] AndroidManifest.xml:27:13-37
105            <meta-data
105-->[androidx.emoji2:emoji2:1.3.0] AndroidManifest.xml:29:13-31:52
106                android:name="androidx.emoji2.text.EmojiCompatInitializer"
106-->[androidx.emoji2:emoji2:1.3.0] AndroidManifest.xml:30:17-75
107                android:value="androidx.startup" />
107-->[androidx.emoji2:emoji2:1.3.0] AndroidManifest.xml:31:17-49
108            <meta-data
108-->[androidx.lifecycle:lifecycle-process:2.6.2] AndroidManifest.xml:29:13-31:52
109                android:name="androidx.lifecycle.ProcessLifecycleInitializer"
109-->[androidx.lifecycle:lifecycle-process:2.6.2] AndroidManifest.xml:30:17-78
110                android:value="androidx.startup" />
110-->[androidx.lifecycle:lifecycle-process:2.6.2] AndroidManifest.xml:31:17-49
111            <meta-data
111-->[androidx.profileinstaller:profileinstaller:1.3.1] AndroidManifest.xml:29:13-31:52
112                android:name="androidx.profileinstaller.ProfileInstallerInitializer"
112-->[androidx.profileinstaller:profileinstaller:1.3.1] AndroidManifest.xml:30:17-85
113                android:value="androidx.startup" />
113-->[androidx.profileinstaller:profileinstaller:1.3.1] AndroidManifest.xml:31:17-49
114        </provider>
115
116        <uses-library
116-->[androidx.window:window:1.0.0] AndroidManifest.xml:25:9-27:40
117            android:name="androidx.window.extensions"
117-->[androidx.window:window:1.0.0] AndroidManifest.xml:26:13-54
118            android:required="false" />
118-->[androidx.window:window:1.0.0] AndroidManifest.xml:27:13-37
119        <uses-library
119-->[androidx.window:window:1.0.0] AndroidManifest.xml:28:9-30:40
120            android:name="androidx.window.sidecar"
120-->[androidx.window:window:1.0.0] AndroidManifest.xml:29:13-51
121            android:required="false" />
121-->[androidx.window:window:1.0.0] AndroidManifest.xml:30:13-37
122
123        <receiver
123-->[androidx.profileinstaller:profileinstaller:1.3.1] AndroidManifest.xml:34:9-52:20
124            android:name="androidx.profileinstaller.ProfileInstallReceiver"
124-->[androidx.profileinstaller:profileinstaller:1.3.1] AndroidManifest.xml:35:13-76
125            android:directBootAware="false"
125-->[androidx.profileinstaller:profileinstaller:1.3.1] AndroidManifest.xml:36:13-44
126            android:enabled="true"
126-->[androidx.profileinstaller:profileinstaller:1.3.1] AndroidManifest.xml:37:13-35
127            android:exported="true"
127-->[androidx.profileinstaller:profileinstaller:1.3.1] AndroidManifest.xml:38:13-36
128            android:permission="android.permission.DUMP" >
128-->[androidx.profileinstaller:profileinstaller:1.3.1] AndroidManifest.xml:39:13-57
129            <intent-filter>
129-->[androidx.profileinstaller:profileinstaller:1.3.1] AndroidManifest.xml:40:13-42:29
130                <action android:name="androidx.profileinstaller.action.INSTALL_PROFILE" />
130-->[androidx.profileinstaller:profileinstaller:1.3.1] AndroidManifest.xml:41:17-91
130-->[androidx.profileinstaller:profileinstaller:1.3.1] AndroidManifest.xml:41:25-88
131            </intent-filter>
132            <intent-filter>
132-->[androidx.profileinstaller:profileinstaller:1.3.1] AndroidManifest.xml:43:13-45:29
133                <action android:name="androidx.profileinstaller.action.SKIP_FILE" />
133-->[androidx.profileinstaller:profileinstaller:1.3.1] AndroidManifest.xml:44:17-85
133-->[androidx.profileinstaller:profileinstaller:1.3.1] AndroidManifest.xml:44:25-82
134            </intent-filter>
135            <intent-filter>
135-->[androidx.profileinstaller:profileinstaller:1.3.1] AndroidManifest.xml:46:13-48:29
136                <action android:name="androidx.profileinstaller.action.SAVE_PROFILE" />
136-->[androidx.profileinstaller:profileinstaller:1.3.1] AndroidManifest.xml:47:17-88
136-->[androidx.profileinstaller:profileinstaller:1.3.1] AndroidManifest.xml:47:25-85
137            </intent-filter>
138            <intent-filter>
138-->[androidx.profileinstaller:profileinstaller:1.3.1] AndroidManifest.xml:49:13-51:29
139                <action android:name="androidx.profileinstaller.action.BENCHMARK_OPERATION" />
139-->[androidx.profileinstaller:profileinstaller:1.3.1] AndroidManifest.xml:50:17-95
139-->[androidx.profileinstaller:profileinstaller:1.3.1] AndroidManifest.xml:50:25-92
140            </intent-filter>
141        </receiver>
142    </application>
143
144</manifest>